<?xml version="1.0" encoding="UTF-8"?>
<!-- Generated by org.testng.reporters.JUnitXMLReporter -->
<testsuite ignored="0" hostname="MAA-5CG0263X0V" failures="0" tests="4" name="Default test" time="25.153" errors="0" timestamp="28 Sep 2022 07:40:50 GMT">
  <testcase classname="Automation" name="login" time="5.137"/>
  <testcase classname="Automation" name="createBoardandList" time="13.374"/>
  <testcase classname="Automation" name="dragdrop" time="0.523"/>
  <testcase classname="Automation" name="coordinatesandlogout" time="3.42"/>
</testsuite> <!-- Default test -->
