<?xml version="1.0" encoding="UTF-8"?>
<testng-results ignored="0" total="4" passed="4" failed="0" skipped="0">
  <reporter-output>
  </reporter-output>
  <suite started-at="2022-09-28T07:40:24Z" name="Default suite" finished-at="2022-09-28T07:40:50Z" duration-ms="25153">
    <groups>
    </groups>
    <test started-at="2022-09-28T07:40:24Z" name="Default test" finished-at="2022-09-28T07:40:50Z" duration-ms="25153">
      <class name="Automation">
        <test-method is-config="true" signature="beforeclass()[pri:0, instance:Automation@59402b8f]" started-at="2022-09-28T07:40:24Z" name="beforeclass" finished-at="2022-09-28T07:40:27Z" duration-ms="2665" status="PASS">
          <reporter-output>
          </reporter-output>
        </test-method> <!-- beforeclass -->
        <test-method signature="login()[pri:0, instance:Automation@59402b8f]" started-at="2022-09-28T07:40:27Z" name="login" finished-at="2022-09-28T07:40:32Z" duration-ms="5137" status="PASS">
          <reporter-output>
          </reporter-output>
        </test-method> <!-- login -->
        <test-method signature="createBoardandList()[pri:1, instance:Automation@59402b8f]" started-at="2022-09-28T07:40:32Z" name="createBoardandList" finished-at="2022-09-28T07:40:46Z" duration-ms="13374" status="PASS">
          <reporter-output>
          </reporter-output>
        </test-method> <!-- createBoardandList -->
        <test-method signature="dragdrop()[pri:2, instance:Automation@59402b8f]" started-at="2022-09-28T07:40:46Z" name="dragdrop" finished-at="2022-09-28T07:40:46Z" duration-ms="523" status="PASS">
          <reporter-output>
          </reporter-output>
        </test-method> <!-- dragdrop -->
        <test-method signature="coordinatesandlogout()[pri:3, instance:Automation@59402b8f]" started-at="2022-09-28T07:40:46Z" name="coordinatesandlogout" finished-at="2022-09-28T07:40:50Z" duration-ms="3420" status="PASS">
          <reporter-output>
          </reporter-output>
        </test-method> <!-- coordinatesandlogout -->
      </class> <!-- Automation -->
    </test> <!-- Default test -->
  </suite> <!-- Default suite -->
</testng-results>
